\BOOKMARK [1][-]{section.1}{Introduction}{}% 1
\BOOKMARK [2][-]{subsection.1.1}{Purpose}{section.1}% 2
\BOOKMARK [2][-]{subsection.1.2}{Scope}{section.1}% 3
\BOOKMARK [2][-]{subsection.1.3}{Definitions}{section.1}% 4
\BOOKMARK [2][-]{subsection.1.4}{References}{section.1}% 5
\BOOKMARK [2][-]{subsection.1.5}{Overview}{section.1}% 6
\BOOKMARK [1][-]{section.2}{Overall Description}{}% 7
\BOOKMARK [2][-]{subsection.2.1}{Product Perspective}{section.2}% 8
\BOOKMARK [2][-]{subsection.2.2}{Product Functions}{section.2}% 9
\BOOKMARK [2][-]{subsection.2.3}{User Characteristics}{section.2}% 10
\BOOKMARK [2][-]{subsection.2.4}{Constraints}{section.2}% 11
\BOOKMARK [2][-]{subsection.2.5}{Assumptions and Dependencies}{section.2}% 12
\BOOKMARK [1][-]{section.3}{Specific Requirements}{}% 13
\BOOKMARK [2][-]{subsection.3.1}{External Interface Requirements}{section.3}% 14
\BOOKMARK [3][-]{subsubsection.3.1.1}{User Interface}{subsection.3.1}% 15
\BOOKMARK [2][-]{subsection.3.2}{Functional Requirements}{section.3}% 16
\BOOKMARK [3][-]{subsubsection.3.2.1}{Survey Generation}{subsection.3.2}% 17
\BOOKMARK [3][-]{subsubsection.3.2.2}{Data Collection, Analysis and Report Generation}{subsection.3.2}% 18
\BOOKMARK [2][-]{subsection.3.3}{Performance Requirements}{section.3}% 19
\BOOKMARK [2][-]{subsection.3.4}{Design Constraints}{section.3}% 20
\BOOKMARK [2][-]{subsection.3.5}{Software System Attributes}{section.3}% 21
\BOOKMARK [2][-]{subsection.3.6}{Other Requirements}{section.3}% 22
\BOOKMARK [1][-]{section.4}{Signatures}{}% 23
