This is pdfTeX, Version 3.14159265-2.6-1.40.17 (TeX Live 2016) (preloaded format=latex 2016.10.17)  10 JUN 2017 12:45
entering extended mode
 restricted \write18 enabled.
 %&-line parsing enabled.
**design_doc.tex
(./design_doc.tex
LaTeX2e <2016/03/31> patch level 3
Babel <3.9r> and hyphenation patterns for 83 language(s) loaded.
(./IEEEtran.cls
Document Class: IEEEtran 2015/08/26 V1.8b by Michael Shell
-- See the "IEEEtran_HOWTO" manual for usage information.
-- http://www.michaelshell.org/tex/ieeetran/
\@IEEEtrantmpdimenA=\dimen102
\@IEEEtrantmpdimenB=\dimen103
\@IEEEtrantmpdimenC=\dimen104
\@IEEEtrantmpcountA=\count79
\@IEEEtrantmpcountB=\count80
\@IEEEtrantmpcountC=\count81
\@IEEEtrantmptoksA=\toks14
LaTeX Font Info:    Try loading font information for OT1+ppl on input line 503.


(/nfs/guille/a2/rh80apps/tex_live/tex_live-2016/texmf-dist/tex/latex/psnfss/ot1
ppl.fd
File: ot1ppl.fd 2001/06/04 font definitions for OT1/ppl.
)
-- Using IEEE Computer Society mode.
-- Using 8.5in x 11in (letter) paper.
-- Using DVI output.
\@IEEEnormalsizeunitybaselineskip=\dimen105
-- This is a 10 point document.
\CLASSINFOnormalsizebaselineskip=\dimen106
\CLASSINFOnormalsizeunitybaselineskip=\dimen107
\IEEEnormaljot=\dimen108
LaTeX Font Info:    Font shape `OT1/ppl/bx/n' in size <5.01874> not available
(Font)              Font shape `OT1/ppl/b/n' tried instead on input line 1090.
LaTeX Font Info:    Font shape `OT1/ppl/bx/it' in size <5.01874> not available
(Font)              Font shape `OT1/ppl/b/it' tried instead on input line 1090.

LaTeX Font Info:    Font shape `OT1/ppl/bx/n' in size <7.02625> not available
(Font)              Font shape `OT1/ppl/b/n' tried instead on input line 1090.
LaTeX Font Info:    Font shape `OT1/ppl/bx/it' in size <7.02625> not available
(Font)              Font shape `OT1/ppl/b/it' tried instead on input line 1090.

LaTeX Font Info:    Font shape `OT1/ppl/bx/n' in size <8.03> not available
(Font)              Font shape `OT1/ppl/b/n' tried instead on input line 1090.
LaTeX Font Info:    Font shape `OT1/ppl/bx/it' in size <8.03> not available
(Font)              Font shape `OT1/ppl/b/it' tried instead on input line 1090.

LaTeX Font Info:    Font shape `OT1/ppl/bx/n' in size <9.03374> not available
(Font)              Font shape `OT1/ppl/b/n' tried instead on input line 1090.
LaTeX Font Info:    Font shape `OT1/ppl/bx/it' in size <9.03374> not available
(Font)              Font shape `OT1/ppl/b/it' tried instead on input line 1090.

LaTeX Font Info:    Font shape `OT1/ppl/bx/n' in size <9.53561> not available
(Font)              Font shape `OT1/ppl/b/n' tried instead on input line 1090.
LaTeX Font Info:    Font shape `OT1/ppl/bx/it' in size <9.53561> not available
(Font)              Font shape `OT1/ppl/b/it' tried instead on input line 1090.

LaTeX Font Info:    Font shape `OT1/ppl/bx/n' in size <11.04124> not available
(Font)              Font shape `OT1/ppl/b/n' tried instead on input line 1090.
LaTeX Font Info:    Font shape `OT1/ppl/bx/it' in size <11.04124> not available

(Font)              Font shape `OT1/ppl/b/it' tried instead on input line 1090.

LaTeX Font Info:    Font shape `OT1/ppl/bx/n' in size <12.045> not available
(Font)              Font shape `OT1/ppl/b/n' tried instead on input line 1090.
LaTeX Font Info:    Font shape `OT1/ppl/bx/it' in size <12.045> not available
(Font)              Font shape `OT1/ppl/b/it' tried instead on input line 1090.

LaTeX Font Info:    Font shape `OT1/ppl/bx/n' in size <17.06374> not available
(Font)              Font shape `OT1/ppl/b/n' tried instead on input line 1090.
LaTeX Font Info:    Font shape `OT1/ppl/bx/it' in size <17.06374> not available

(Font)              Font shape `OT1/ppl/b/it' tried instead on input line 1090.

LaTeX Font Info:    Font shape `OT1/ppl/bx/n' in size <20.075> not available
(Font)              Font shape `OT1/ppl/b/n' tried instead on input line 1090.
LaTeX Font Info:    Font shape `OT1/ppl/bx/it' in size <20.075> not available
(Font)              Font shape `OT1/ppl/b/it' tried instead on input line 1090.

LaTeX Font Info:    Font shape `OT1/ppl/bx/n' in size <24.09> not available
(Font)              Font shape `OT1/ppl/b/n' tried instead on input line 1090.
LaTeX Font Info:    Font shape `OT1/ppl/bx/it' in size <24.09> not available
(Font)              Font shape `OT1/ppl/b/it' tried instead on input line 1090.

\IEEEquantizedlength=\dimen109
\IEEEquantizedlengthdiff=\dimen110
\IEEEquantizedtextheightdiff=\dimen111
\IEEEilabelindentA=\dimen112
\IEEEilabelindentB=\dimen113
\IEEEilabelindent=\dimen114
\IEEEelabelindent=\dimen115
\IEEEdlabelindent=\dimen116
\IEEElabelindent=\dimen117
\IEEEiednormlabelsep=\dimen118
\IEEEiedmathlabelsep=\dimen119
\IEEEiedtopsep=\skip41
\c@section=\count82
\c@subsection=\count83
\c@subsubsection=\count84
\c@paragraph=\count85
\c@IEEEsubequation=\count86
\abovecaptionskip=\skip42
\belowcaptionskip=\skip43
\c@figure=\count87
\c@table=\count88
\@IEEEeqnnumcols=\count89
\@IEEEeqncolcnt=\count90
\@IEEEsubeqnnumrollback=\count91
\@IEEEquantizeheightA=\dimen120
\@IEEEquantizeheightB=\dimen121
\@IEEEquantizeheightC=\dimen122
\@IEEEquantizeprevdepth=\dimen123
\@IEEEquantizemultiple=\count92
\@IEEEquantizeboxA=\box26
\@IEEEtmpitemindent=\dimen124
\IEEEPARstartletwidth=\dimen125
\c@IEEEbiography=\count93
\@IEEEtranrubishbin=\box27
)
(/nfs/guille/a2/rh80apps/tex_live/tex_live-2016/texmf-dist/tex/latex/graphics/g
raphicx.sty
Package: graphicx 2014/10/28 v1.0g Enhanced LaTeX Graphics (DPC,SPQR)

(/nfs/guille/a2/rh80apps/tex_live/tex_live-2016/texmf-dist/tex/latex/graphics/k
eyval.sty
Package: keyval 2014/10/28 v1.15 key=value parser (DPC)
\KV@toks@=\toks15
)
(/nfs/guille/a2/rh80apps/tex_live/tex_live-2016/texmf-dist/tex/latex/graphics/g
raphics.sty
Package: graphics 2016/07/10 v1.0t Standard LaTeX Graphics (DPC,SPQR)

(/nfs/guille/a2/rh80apps/tex_live/tex_live-2016/texmf-dist/tex/latex/graphics/t
rig.sty
Package: trig 2016/01/03 v1.10 sin cos tan (DPC)
)
(/nfs/guille/a2/rh80apps/tex_live/tex_live-2016/texmf-dist/tex/latex/graphics-c
fg/graphics.cfg
File: graphics.cfg 2016/06/04 v1.11 sample graphics configuration
)
Package graphics Info: Driver file: dvips.def on input line 99.

(/nfs/guille/a2/rh80apps/tex_live/tex_live-2016/texmf-dist/tex/latex/graphics-d
ef/dvips.def
File: dvips.def 2016/07/10 v3.1a Driver-dependent file (DPC,SPQR)
))
\Gin@req@height=\dimen126
\Gin@req@width=\dimen127
)
(/nfs/guille/a2/rh80apps/tex_live/tex_live-2016/texmf-dist/tex/latex/amsfonts/a
mssymb.sty
Package: amssymb 2013/01/14 v3.01 AMS font symbols

(/nfs/guille/a2/rh80apps/tex_live/tex_live-2016/texmf-dist/tex/latex/amsfonts/a
msfonts.sty
Package: amsfonts 2013/01/14 v3.01 Basic AMSFonts support
\@emptytoks=\toks16
\symAMSa=\mathgroup4
\symAMSb=\mathgroup5
LaTeX Font Info:    Overwriting math alphabet `\mathfrak' in version `bold'
(Font)                  U/euf/m/n --> U/euf/b/n on input line 106.
))
(/nfs/guille/a2/rh80apps/tex_live/tex_live-2016/texmf-dist/tex/latex/amsmath/am
smath.sty
Package: amsmath 2016/06/28 v2.15d AMS math features
\@mathmargin=\skip44

For additional information on amsmath, use the `?' option.

(/nfs/guille/a2/rh80apps/tex_live/tex_live-2016/texmf-dist/tex/latex/amsmath/am
stext.sty
Package: amstext 2000/06/29 v2.01 AMS text

(/nfs/guille/a2/rh80apps/tex_live/tex_live-2016/texmf-dist/tex/latex/amsmath/am
sgen.sty
File: amsgen.sty 1999/11/30 v2.0 generic functions
\@emptytoks=\toks17
\ex@=\dimen128
))
(/nfs/guille/a2/rh80apps/tex_live/tex_live-2016/texmf-dist/tex/latex/amsmath/am
sbsy.sty
Package: amsbsy 1999/11/29 v1.2d Bold Symbols
\pmbraise@=\dimen129
)
(/nfs/guille/a2/rh80apps/tex_live/tex_live-2016/texmf-dist/tex/latex/amsmath/am
sopn.sty
Package: amsopn 2016/03/08 v2.02 operator names
)
\inf@bad=\count94
LaTeX Info: Redefining \frac on input line 199.
\uproot@=\count95
\leftroot@=\count96
LaTeX Info: Redefining \overline on input line 297.
\classnum@=\count97
\DOTSCASE@=\count98
LaTeX Info: Redefining \ldots on input line 394.
LaTeX Info: Redefining \dots on input line 397.
LaTeX Info: Redefining \cdots on input line 518.
\Mathstrutbox@=\box28
\strutbox@=\box29
\big@size=\dimen130
LaTeX Font Info:    Redeclaring font encoding OML on input line 634.
LaTeX Font Info:    Redeclaring font encoding OMS on input line 635.
\macc@depth=\count99
\c@MaxMatrixCols=\count100
\dotsspace@=\muskip10
\c@parentequation=\count101
\dspbrk@lvl=\count102
\tag@help=\toks18
\row@=\count103
\column@=\count104
\maxfields@=\count105
\andhelp@=\toks19
\eqnshift@=\dimen131
\alignsep@=\dimen132
\tagshift@=\dimen133
\tagwidth@=\dimen134
\totwidth@=\dimen135
\lineht@=\dimen136
\@envbody=\toks20
\multlinegap=\skip45
\multlinetaggap=\skip46
\mathdisplay@stack=\toks21
LaTeX Info: Redefining \[ on input line 2739.
LaTeX Info: Redefining \] on input line 2740.
)
(/nfs/guille/a2/rh80apps/tex_live/tex_live-2016/texmf-dist/tex/latex/amscls/ams
thm.sty
Package: amsthm 2015/03/04 v2.20.2
\thm@style=\toks22
\thm@bodyfont=\toks23
\thm@headfont=\toks24
\thm@notefont=\toks25
\thm@headpunct=\toks26
\thm@preskip=\skip47
\thm@postskip=\skip48
\thm@headsep=\skip49
\dth@everypar=\toks27
)
(/nfs/guille/a2/rh80apps/tex_live/tex_live-2016/texmf-dist/tex/latex/base/alltt
.sty
Package: alltt 1997/06/16 v2.0g defines alltt environment
)
(/nfs/guille/a2/rh80apps/tex_live/tex_live-2016/texmf-dist/tex/latex/float/floa
t.sty
Package: float 2001/11/08 v1.3d Float enhancements (AL)
\c@float@type=\count106
\float@exts=\toks28
\float@box=\box30
\@float@everytoks=\toks29
\@floatcapt=\box31
)
(/nfs/guille/a2/rh80apps/tex_live/tex_live-2016/texmf-dist/tex/latex/graphics/c
olor.sty
Package: color 2016/07/10 v1.1e Standard LaTeX Color (DPC)

(/nfs/guille/a2/rh80apps/tex_live/tex_live-2016/texmf-dist/tex/latex/graphics-c
fg/color.cfg
File: color.cfg 2016/01/02 v1.6 sample color configuration
)
Package color Info: Driver file: dvips.def on input line 147.

(/nfs/guille/a2/rh80apps/tex_live/tex_live-2016/texmf-dist/tex/latex/graphics/d
vipsnam.def
File: dvipsnam.def 2016/06/17 v3.0m Driver-dependent file (DPC,SPQR)
))
(/nfs/guille/a2/rh80apps/tex_live/tex_live-2016/texmf-dist/tex/latex/url/url.st
y
\Urlmuskip=\muskip11
Package: url 2013/09/16  ver 3.4  Verb mode for urls, etc.
)
(/nfs/guille/a2/rh80apps/tex_live/tex_live-2016/texmf-dist/tex/latex/preprint/b
alance.sty
Package: balance 1999/02/23 4.3 (PWD)
\oldvsize=\dimen137
)
(/nfs/guille/a2/rh80apps/tex_live/tex_live-2016/texmf-dist/tex/latex/subfigure/
subfigure.sty
Package: subfigure 2002/03/15 v2.1.5 subfigure package
\subfigtopskip=\skip50
\subfigcapskip=\skip51
\subfigcaptopadj=\dimen138
\subfigbottomskip=\skip52
\subfigcapmargin=\dimen139
\subfiglabelskip=\skip53
\c@subfigure=\count107
\c@lofdepth=\count108
\c@subtable=\count109
\c@lotdepth=\count110

****************************************
* Local config file subfigure.cfg used *
****************************************

(/nfs/guille/a2/rh80apps/tex_live/tex_live-2016/texmf-dist/tex/latex/subfigure/
subfigure.cfg)
\subfig@top=\skip54
\subfig@bottom=\skip55
)
(/nfs/guille/a2/rh80apps/tex_live/tex_live-2016/texmf-dist/tex/latex/enumitem/e
numitem.sty
Package: enumitem 2011/09/28 v3.5.2 Customized lists
\labelindent=\skip56
\enit@outerparindent=\dimen140
\enit@toks=\toks30
\enit@inbox=\box32
\enitdp@description=\count111
)
(/nfs/guille/a2/rh80apps/tex_live/tex_live-2016/texmf-dist/tex/latex/geometry/g
eometry.sty
Package: geometry 2010/09/12 v5.6 Page Geometry

(/nfs/guille/a2/rh80apps/tex_live/tex_live-2016/texmf-dist/tex/generic/oberdiek
/ifpdf.sty
Package: ifpdf 2016/05/14 v3.1 Provides the ifpdf switch
)
(/nfs/guille/a2/rh80apps/tex_live/tex_live-2016/texmf-dist/tex/generic/oberdiek
/ifvtex.sty
Package: ifvtex 2016/05/16 v1.6 Detect VTeX and its facilities (HO)
Package ifvtex Info: VTeX not detected.
)
(/nfs/guille/a2/rh80apps/tex_live/tex_live-2016/texmf-dist/tex/generic/ifxetex/
ifxetex.sty
Package: ifxetex 2010/09/12 v0.6 Provides ifxetex conditional
)
\Gm@cnth=\count112
\Gm@cntv=\count113
\c@Gm@tempcnt=\count114
\Gm@bindingoffset=\dimen141
\Gm@wd@mp=\dimen142
\Gm@odd@mp=\dimen143
\Gm@even@mp=\dimen144
\Gm@layoutwidth=\dimen145
\Gm@layoutheight=\dimen146
\Gm@layouthoffset=\dimen147
\Gm@layoutvoffset=\dimen148
\Gm@dimlist=\toks31
)
(/nfs/guille/a2/rh80apps/tex_live/tex_live-2016/texmf-dist/tex/latex/hyperref/h
yperref.sty
Package: hyperref 2016/06/24 v6.83q Hypertext links for LaTeX

(/nfs/guille/a2/rh80apps/tex_live/tex_live-2016/texmf-dist/tex/generic/oberdiek
/hobsub-hyperref.sty
Package: hobsub-hyperref 2016/05/16 v1.14 Bundle oberdiek, subset hyperref (HO)


(/nfs/guille/a2/rh80apps/tex_live/tex_live-2016/texmf-dist/tex/generic/oberdiek
/hobsub-generic.sty
Package: hobsub-generic 2016/05/16 v1.14 Bundle oberdiek, subset generic (HO)
Package: hobsub 2016/05/16 v1.14 Construct package bundles (HO)
Package: infwarerr 2016/05/16 v1.4 Providing info/warning/error messages (HO)
Package: ltxcmds 2016/05/16 v1.23 LaTeX kernel commands for general use (HO)
Package: ifluatex 2016/05/16 v1.4 Provides the ifluatex switch (HO)
Package ifluatex Info: LuaTeX not detected.
Package hobsub Info: Skipping package `ifvtex' (already loaded).
Package: intcalc 2016/05/16 v1.2 Expandable calculations with integers (HO)
Package hobsub Info: Skipping package `ifpdf' (already loaded).
Package: etexcmds 2016/05/16 v1.6 Avoid name clashes with e-TeX commands (HO)
Package etexcmds Info: Could not find \expanded.
(etexcmds)             That can mean that you are not using pdfTeX 1.50 or
(etexcmds)             that some package has redefined \expanded.
(etexcmds)             In the latter case, load this package earlier.
Package: kvsetkeys 2016/05/16 v1.17 Key value parser (HO)
Package: kvdefinekeys 2016/05/16 v1.4 Define keys (HO)
Package: pdftexcmds 2016/05/21 v0.22 Utility functions of pdfTeX for LuaTeX (HO
)
Package pdftexcmds Info: LuaTeX not detected.
Package pdftexcmds Info: \pdf@primitive is available.
Package pdftexcmds Info: \pdf@ifprimitive is available.
Package pdftexcmds Info: \pdfdraftmode is ignored in DVI mode.
Package: pdfescape 2016/05/16 v1.14 Implements pdfTeX's escape features (HO)
Package: bigintcalc 2016/05/16 v1.4 Expandable calculations on big integers (HO
)
Package: bitset 2016/05/16 v1.2 Handle bit-vector datatype (HO)
Package: uniquecounter 2016/05/16 v1.3 Provide unlimited unique counter (HO)
)
Package hobsub Info: Skipping package `hobsub' (already loaded).
Package: letltxmacro 2016/05/16 v1.5 Let assignment for LaTeX macros (HO)
Package: hopatch 2016/05/16 v1.3 Wrapper for package hooks (HO)
Package: xcolor-patch 2016/05/16 xcolor patch
Package: atveryend 2016/05/16 v1.9 Hooks at the very end of document (HO)
Package atveryend Info: \enddocument detected (standard20110627).
Package: atbegshi 2016/06/09 v1.18 At begin shipout hook (HO)
Package: refcount 2016/05/16 v3.5 Data extraction from label references (HO)
Package: hycolor 2016/05/16 v1.8 Color options for hyperref/bookmark (HO)
)
(/nfs/guille/a2/rh80apps/tex_live/tex_live-2016/texmf-dist/tex/latex/oberdiek/a
uxhook.sty
Package: auxhook 2016/05/16 v1.4 Hooks for auxiliary files (HO)
)
(/nfs/guille/a2/rh80apps/tex_live/tex_live-2016/texmf-dist/tex/latex/oberdiek/k
voptions.sty
Package: kvoptions 2016/05/16 v3.12 Key value format for package options (HO)
)
\@linkdim=\dimen149
\Hy@linkcounter=\count115
\Hy@pagecounter=\count116

(/nfs/guille/a2/rh80apps/tex_live/tex_live-2016/texmf-dist/tex/latex/hyperref/p
d1enc.def
File: pd1enc.def 2016/06/24 v6.83q Hyperref: PDFDocEncoding definition (HO)
)
\Hy@SavedSpaceFactor=\count117

(/nfs/guille/a2/rh80apps/tex_live/tex_live-2016/texmf-dist/tex/latex/latexconfi
g/hyperref.cfg
File: hyperref.cfg 2002/06/06 v1.2 hyperref configuration of TeXLive
)
Package hyperref Info: Hyper figures OFF on input line 4486.
Package hyperref Info: Link nesting OFF on input line 4491.
Package hyperref Info: Hyper index ON on input line 4494.
Package hyperref Info: Plain pages OFF on input line 4501.
Package hyperref Info: Backreferencing OFF on input line 4506.
Package hyperref Info: Implicit mode ON; LaTeX internals redefined.
Package hyperref Info: Bookmarks ON on input line 4735.
\c@Hy@tempcnt=\count118
LaTeX Info: Redefining \url on input line 5088.
\XeTeXLinkMargin=\dimen150
\Fld@menulength=\count119
\Field@Width=\dimen151
\Fld@charsize=\dimen152
Package hyperref Info: Hyper figures OFF on input line 6342.
Package hyperref Info: Link nesting OFF on input line 6347.
Package hyperref Info: Hyper index ON on input line 6350.
Package hyperref Info: backreferencing OFF on input line 6357.
Package hyperref Info: Link coloring OFF on input line 6362.
Package hyperref Info: Link coloring with OCG OFF on input line 6367.
Package hyperref Info: PDF/A mode OFF on input line 6372.
LaTeX Info: Redefining \ref on input line 6412.
LaTeX Info: Redefining \pageref on input line 6416.
\Hy@abspage=\count120
\c@Item=\count121
\c@Hfootnote=\count122
)

Package hyperref Message: Driver (default): hdvips.


(/nfs/guille/a2/rh80apps/tex_live/tex_live-2016/texmf-dist/tex/latex/hyperref/h
dvips.def
File: hdvips.def 2016/06/24 v6.83q Hyperref driver for dvips

(/nfs/guille/a2/rh80apps/tex_live/tex_live-2016/texmf-dist/tex/latex/hyperref/p
dfmark.def
File: pdfmark.def 2016/06/24 v6.83q Hyperref definitions for pdfmark specials
\pdf@docset=\toks32
\pdf@box=\box33
\pdf@toks=\toks33
\pdf@defaulttoks=\toks34
\HyField@AnnotCount=\count123
\Fld@listcount=\count124
\c@bookmark@seq@number=\count125

(/nfs/guille/a2/rh80apps/tex_live/tex_live-2016/texmf-dist/tex/latex/oberdiek/r
erunfilecheck.sty
Package: rerunfilecheck 2016/05/16 v1.8 Rerun checks for auxiliary files (HO)
Package uniquecounter Info: New unique counter `rerunfilecheck' on input line 2
82.
)
\Hy@SectionHShift=\skip57
))
(/nfs/guille/a2/rh80apps/tex_live/tex_live-2016/texmf-dist/tex/latex/pgf/fronte
ndlayer/tikz.sty
(/nfs/guille/a2/rh80apps/tex_live/tex_live-2016/texmf-dist/tex/latex/pgf/basicl
ayer/pgf.sty
(/nfs/guille/a2/rh80apps/tex_live/tex_live-2016/texmf-dist/tex/latex/pgf/utilit
ies/pgfrcs.sty
(/nfs/guille/a2/rh80apps/tex_live/tex_live-2016/texmf-dist/tex/generic/pgf/util
ities/pgfutil-common.tex
\pgfutil@everybye=\toks35
\pgfutil@tempdima=\dimen153
\pgfutil@tempdimb=\dimen154

(/nfs/guille/a2/rh80apps/tex_live/tex_live-2016/texmf-dist/tex/generic/pgf/util
ities/pgfutil-common-lists.tex))
(/nfs/guille/a2/rh80apps/tex_live/tex_live-2016/texmf-dist/tex/generic/pgf/util
ities/pgfutil-latex.def
\pgfutil@abb=\box34

(/nfs/guille/a2/rh80apps/tex_live/tex_live-2016/texmf-dist/tex/latex/ms/everysh
i.sty
Package: everyshi 2001/05/15 v3.00 EveryShipout Package (MS)
))
(/nfs/guille/a2/rh80apps/tex_live/tex_live-2016/texmf-dist/tex/generic/pgf/util
ities/pgfrcs.code.tex
Package: pgfrcs 2015/08/07 v3.0.1a (rcs-revision 1.31)
))
Package: pgf 2015/08/07 v3.0.1a (rcs-revision 1.15)

(/nfs/guille/a2/rh80apps/tex_live/tex_live-2016/texmf-dist/tex/latex/pgf/basicl
ayer/pgfcore.sty
(/nfs/guille/a2/rh80apps/tex_live/tex_live-2016/texmf-dist/tex/latex/pgf/system
layer/pgfsys.sty
(/nfs/guille/a2/rh80apps/tex_live/tex_live-2016/texmf-dist/tex/generic/pgf/syst
emlayer/pgfsys.code.tex
Package: pgfsys 2014/07/09 v3.0.1a (rcs-revision 1.48)

(/nfs/guille/a2/rh80apps/tex_live/tex_live-2016/texmf-dist/tex/generic/pgf/util
ities/pgfkeys.code.tex
\pgfkeys@pathtoks=\toks36
\pgfkeys@temptoks=\toks37

(/nfs/guille/a2/rh80apps/tex_live/tex_live-2016/texmf-dist/tex/generic/pgf/util
ities/pgfkeysfiltered.code.tex
\pgfkeys@tmptoks=\toks38
))
\pgf@x=\dimen155
\pgf@y=\dimen156
\pgf@xa=\dimen157
\pgf@ya=\dimen158
\pgf@xb=\dimen159
\pgf@yb=\dimen160
\pgf@xc=\dimen161
\pgf@yc=\dimen162
\w@pgf@writea=\write3
\r@pgf@reada=\read1
\c@pgf@counta=\count126
\c@pgf@countb=\count127
\c@pgf@countc=\count128
\c@pgf@countd=\count129
\t@pgf@toka=\toks39
\t@pgf@tokb=\toks40
\t@pgf@tokc=\toks41

(/nfs/guille/a2/rh80apps/tex_live/tex_live-2016/texmf-dist/tex/generic/pgf/syst
emlayer/pgf.cfg
File: pgf.cfg 2008/05/14  (rcs-revision 1.7)
)
Driver file for pgf: pgfsys-dvips.def

(/nfs/guille/a2/rh80apps/tex_live/tex_live-2016/texmf-dist/tex/generic/pgf/syst
emlayer/pgfsys-dvips.def
File: pgfsys-dvips.def 2014/07/09  (rcs-revision 1.25)

(/nfs/guille/a2/rh80apps/tex_live/tex_live-2016/texmf-dist/tex/generic/pgf/syst
emlayer/pgfsys-common-postscript.def
File: pgfsys-common-postscript.def 2008/10/01  (rcs-revision 1.22)
\pgf@objectcount=\count130
)))
(/nfs/guille/a2/rh80apps/tex_live/tex_live-2016/texmf-dist/tex/generic/pgf/syst
emlayer/pgfsyssoftpath.code.tex
File: pgfsyssoftpath.code.tex 2013/09/09  (rcs-revision 1.9)
\pgfsyssoftpath@smallbuffer@items=\count131
\pgfsyssoftpath@bigbuffer@items=\count132
)
(/nfs/guille/a2/rh80apps/tex_live/tex_live-2016/texmf-dist/tex/generic/pgf/syst
emlayer/pgfsysprotocol.code.tex
File: pgfsysprotocol.code.tex 2006/10/16  (rcs-revision 1.4)
))
(/nfs/guille/a2/rh80apps/tex_live/tex_live-2016/texmf-dist/tex/latex/xcolor/xco
lor.sty
Package: xcolor 2016/05/11 v2.12 LaTeX color extensions (UK)

(/nfs/guille/a2/rh80apps/tex_live/tex_live-2016/texmf-dist/tex/latex/graphics-c
fg/color.cfg
File: color.cfg 2016/01/02 v1.6 sample color configuration
)
Package xcolor Info: Driver file: dvips.def on input line 225.
LaTeX Info: Redefining \color on input line 709.
Package xcolor Info: Model `cmy' substituted by `cmy0' on input line 1348.
Package xcolor Info: Model `RGB' extended on input line 1364.
Package xcolor Info: Model `HTML' substituted by `rgb' on input line 1366.
Package xcolor Info: Model `Hsb' substituted by `hsb' on input line 1367.
Package xcolor Info: Model `tHsb' substituted by `hsb' on input line 1368.
Package xcolor Info: Model `HSB' substituted by `hsb' on input line 1369.
Package xcolor Info: Model `Gray' substituted by `gray' on input line 1370.
Package xcolor Info: Model `wave' substituted by `hsb' on input line 1371.
)
(/nfs/guille/a2/rh80apps/tex_live/tex_live-2016/texmf-dist/tex/generic/pgf/basi
clayer/pgfcore.code.tex
Package: pgfcore 2010/04/11 v3.0.1a (rcs-revision 1.7)

(/nfs/guille/a2/rh80apps/tex_live/tex_live-2016/texmf-dist/tex/generic/pgf/math
/pgfmath.code.tex
(/nfs/guille/a2/rh80apps/tex_live/tex_live-2016/texmf-dist/tex/generic/pgf/math
/pgfmathcalc.code.tex
(/nfs/guille/a2/rh80apps/tex_live/tex_live-2016/texmf-dist/tex/generic/pgf/math
/pgfmathutil.code.tex)
(/nfs/guille/a2/rh80apps/tex_live/tex_live-2016/texmf-dist/tex/generic/pgf/math
/pgfmathparser.code.tex
\pgfmath@dimen=\dimen163
\pgfmath@count=\count133
\pgfmath@box=\box35
\pgfmath@toks=\toks42
\pgfmath@stack@operand=\toks43
\pgfmath@stack@operation=\toks44
)
(/nfs/guille/a2/rh80apps/tex_live/tex_live-2016/texmf-dist/tex/generic/pgf/math
/pgfmathfunctions.code.tex
(/nfs/guille/a2/rh80apps/tex_live/tex_live-2016/texmf-dist/tex/generic/pgf/math
/pgfmathfunctions.basic.code.tex)
(/nfs/guille/a2/rh80apps/tex_live/tex_live-2016/texmf-dist/tex/generic/pgf/math
/pgfmathfunctions.trigonometric.code.tex)
(/nfs/guille/a2/rh80apps/tex_live/tex_live-2016/texmf-dist/tex/generic/pgf/math
/pgfmathfunctions.random.code.tex)
(/nfs/guille/a2/rh80apps/tex_live/tex_live-2016/texmf-dist/tex/generic/pgf/math
/pgfmathfunctions.comparison.code.tex)
(/nfs/guille/a2/rh80apps/tex_live/tex_live-2016/texmf-dist/tex/generic/pgf/math
/pgfmathfunctions.base.code.tex)
(/nfs/guille/a2/rh80apps/tex_live/tex_live-2016/texmf-dist/tex/generic/pgf/math
/pgfmathfunctions.round.code.tex)
(/nfs/guille/a2/rh80apps/tex_live/tex_live-2016/texmf-dist/tex/generic/pgf/math
/pgfmathfunctions.misc.code.tex)
(/nfs/guille/a2/rh80apps/tex_live/tex_live-2016/texmf-dist/tex/generic/pgf/math
/pgfmathfunctions.integerarithmetics.code.tex)))
(/nfs/guille/a2/rh80apps/tex_live/tex_live-2016/texmf-dist/tex/generic/pgf/math
/pgfmathfloat.code.tex
\c@pgfmathroundto@lastzeros=\count134
))
(/nfs/guille/a2/rh80apps/tex_live/tex_live-2016/texmf-dist/tex/generic/pgf/basi
clayer/pgfcorepoints.code.tex
File: pgfcorepoints.code.tex 2013/10/07  (rcs-revision 1.27)
\pgf@picminx=\dimen164
\pgf@picmaxx=\dimen165
\pgf@picminy=\dimen166
\pgf@picmaxy=\dimen167
\pgf@pathminx=\dimen168
\pgf@pathmaxx=\dimen169
\pgf@pathminy=\dimen170
\pgf@pathmaxy=\dimen171
\pgf@xx=\dimen172
\pgf@xy=\dimen173
\pgf@yx=\dimen174
\pgf@yy=\dimen175
\pgf@zx=\dimen176
\pgf@zy=\dimen177
)
(/nfs/guille/a2/rh80apps/tex_live/tex_live-2016/texmf-dist/tex/generic/pgf/basi
clayer/pgfcorepathconstruct.code.tex
File: pgfcorepathconstruct.code.tex 2013/10/07  (rcs-revision 1.29)
\pgf@path@lastx=\dimen178
\pgf@path@lasty=\dimen179
)
(/nfs/guille/a2/rh80apps/tex_live/tex_live-2016/texmf-dist/tex/generic/pgf/basi
clayer/pgfcorepathusage.code.tex
File: pgfcorepathusage.code.tex 2014/11/02  (rcs-revision 1.24)
\pgf@shorten@end@additional=\dimen180
\pgf@shorten@start@additional=\dimen181
)
(/nfs/guille/a2/rh80apps/tex_live/tex_live-2016/texmf-dist/tex/generic/pgf/basi
clayer/pgfcorescopes.code.tex
File: pgfcorescopes.code.tex 2015/05/08  (rcs-revision 1.46)
\pgfpic=\box36
\pgf@hbox=\box37
\pgf@layerbox@main=\box38
\pgf@picture@serial@count=\count135
)
(/nfs/guille/a2/rh80apps/tex_live/tex_live-2016/texmf-dist/tex/generic/pgf/basi
clayer/pgfcoregraphicstate.code.tex
File: pgfcoregraphicstate.code.tex 2014/11/02  (rcs-revision 1.12)
\pgflinewidth=\dimen182
)
(/nfs/guille/a2/rh80apps/tex_live/tex_live-2016/texmf-dist/tex/generic/pgf/basi
clayer/pgfcoretransformations.code.tex
File: pgfcoretransformations.code.tex 2015/08/07  (rcs-revision 1.20)
\pgf@pt@x=\dimen183
\pgf@pt@y=\dimen184
\pgf@pt@temp=\dimen185
)
(/nfs/guille/a2/rh80apps/tex_live/tex_live-2016/texmf-dist/tex/generic/pgf/basi
clayer/pgfcorequick.code.tex
File: pgfcorequick.code.tex 2008/10/09  (rcs-revision 1.3)
)
(/nfs/guille/a2/rh80apps/tex_live/tex_live-2016/texmf-dist/tex/generic/pgf/basi
clayer/pgfcoreobjects.code.tex
File: pgfcoreobjects.code.tex 2006/10/11  (rcs-revision 1.2)
)
(/nfs/guille/a2/rh80apps/tex_live/tex_live-2016/texmf-dist/tex/generic/pgf/basi
clayer/pgfcorepathprocessing.code.tex
File: pgfcorepathprocessing.code.tex 2013/09/09  (rcs-revision 1.9)
)
(/nfs/guille/a2/rh80apps/tex_live/tex_live-2016/texmf-dist/tex/generic/pgf/basi
clayer/pgfcorearrows.code.tex
File: pgfcorearrows.code.tex 2015/05/14  (rcs-revision 1.43)
\pgfarrowsep=\dimen186
)
(/nfs/guille/a2/rh80apps/tex_live/tex_live-2016/texmf-dist/tex/generic/pgf/basi
clayer/pgfcoreshade.code.tex
File: pgfcoreshade.code.tex 2013/07/15  (rcs-revision 1.15)
\pgf@max=\dimen187
\pgf@sys@shading@range@num=\count136
)
(/nfs/guille/a2/rh80apps/tex_live/tex_live-2016/texmf-dist/tex/generic/pgf/basi
clayer/pgfcoreimage.code.tex
File: pgfcoreimage.code.tex 2013/07/15  (rcs-revision 1.18)

(/nfs/guille/a2/rh80apps/tex_live/tex_live-2016/texmf-dist/tex/generic/pgf/basi
clayer/pgfcoreexternal.code.tex
File: pgfcoreexternal.code.tex 2014/07/09  (rcs-revision 1.21)
\pgfexternal@startupbox=\box39
))
(/nfs/guille/a2/rh80apps/tex_live/tex_live-2016/texmf-dist/tex/generic/pgf/basi
clayer/pgfcorelayers.code.tex
File: pgfcorelayers.code.tex 2013/07/18  (rcs-revision 1.7)
)
(/nfs/guille/a2/rh80apps/tex_live/tex_live-2016/texmf-dist/tex/generic/pgf/basi
clayer/pgfcoretransparency.code.tex
File: pgfcoretransparency.code.tex 2013/09/30  (rcs-revision 1.5)
)
(/nfs/guille/a2/rh80apps/tex_live/tex_live-2016/texmf-dist/tex/generic/pgf/basi
clayer/pgfcorepatterns.code.tex
File: pgfcorepatterns.code.tex 2013/11/07  (rcs-revision 1.5)
)))
(/nfs/guille/a2/rh80apps/tex_live/tex_live-2016/texmf-dist/tex/generic/pgf/modu
les/pgfmoduleshapes.code.tex
File: pgfmoduleshapes.code.tex 2014/03/21  (rcs-revision 1.35)
\pgfnodeparttextbox=\box40
)
(/nfs/guille/a2/rh80apps/tex_live/tex_live-2016/texmf-dist/tex/generic/pgf/modu
les/pgfmoduleplot.code.tex
File: pgfmoduleplot.code.tex 2015/08/03  (rcs-revision 1.13)
)
(/nfs/guille/a2/rh80apps/tex_live/tex_live-2016/texmf-dist/tex/latex/pgf/compat
ibility/pgfcomp-version-0-65.sty
Package: pgfcomp-version-0-65 2007/07/03 v3.0.1a (rcs-revision 1.7)
\pgf@nodesepstart=\dimen188
\pgf@nodesepend=\dimen189
)
(/nfs/guille/a2/rh80apps/tex_live/tex_live-2016/texmf-dist/tex/latex/pgf/compat
ibility/pgfcomp-version-1-18.sty
Package: pgfcomp-version-1-18 2007/07/23 v3.0.1a (rcs-revision 1.1)
))
(/nfs/guille/a2/rh80apps/tex_live/tex_live-2016/texmf-dist/tex/latex/pgf/utilit
ies/pgffor.sty
(/nfs/guille/a2/rh80apps/tex_live/tex_live-2016/texmf-dist/tex/latex/pgf/utilit
ies/pgfkeys.sty
(/nfs/guille/a2/rh80apps/tex_live/tex_live-2016/texmf-dist/tex/generic/pgf/util
ities/pgfkeys.code.tex))
(/nfs/guille/a2/rh80apps/tex_live/tex_live-2016/texmf-dist/tex/latex/pgf/math/p
gfmath.sty
(/nfs/guille/a2/rh80apps/tex_live/tex_live-2016/texmf-dist/tex/generic/pgf/math
/pgfmath.code.tex))
(/nfs/guille/a2/rh80apps/tex_live/tex_live-2016/texmf-dist/tex/generic/pgf/util
ities/pgffor.code.tex
Package: pgffor 2013/12/13 v3.0.1a (rcs-revision 1.25)

(/nfs/guille/a2/rh80apps/tex_live/tex_live-2016/texmf-dist/tex/generic/pgf/math
/pgfmath.code.tex)
\pgffor@iter=\dimen190
\pgffor@skip=\dimen191
\pgffor@stack=\toks45
\pgffor@toks=\toks46
))
(/nfs/guille/a2/rh80apps/tex_live/tex_live-2016/texmf-dist/tex/generic/pgf/fron
tendlayer/tikz/tikz.code.tex
Package: tikz 2015/08/07 v3.0.1a (rcs-revision 1.151)

(/nfs/guille/a2/rh80apps/tex_live/tex_live-2016/texmf-dist/tex/generic/pgf/libr
aries/pgflibraryplothandlers.code.tex
File: pgflibraryplothandlers.code.tex 2013/08/31 v3.0.1a (rcs-revision 1.20)
\pgf@plot@mark@count=\count137
\pgfplotmarksize=\dimen192
)
\tikz@lastx=\dimen193
\tikz@lasty=\dimen194
\tikz@lastxsaved=\dimen195
\tikz@lastysaved=\dimen196
\tikzleveldistance=\dimen197
\tikzsiblingdistance=\dimen198
\tikz@figbox=\box41
\tikz@figbox@bg=\box42
\tikz@tempbox=\box43
\tikz@tempbox@bg=\box44
\tikztreelevel=\count138
\tikznumberofchildren=\count139
\tikznumberofcurrentchild=\count140
\tikz@fig@count=\count141

(/nfs/guille/a2/rh80apps/tex_live/tex_live-2016/texmf-dist/tex/generic/pgf/modu
les/pgfmodulematrix.code.tex
File: pgfmodulematrix.code.tex 2013/09/17  (rcs-revision 1.8)
\pgfmatrixcurrentrow=\count142
\pgfmatrixcurrentcolumn=\count143
\pgf@matrix@numberofcolumns=\count144
)
\tikz@expandcount=\count145

(/nfs/guille/a2/rh80apps/tex_live/tex_live-2016/texmf-dist/tex/generic/pgf/fron
tendlayer/tikz/libraries/tikzlibrarytopaths.code.tex
File: tikzlibrarytopaths.code.tex 2008/06/17 v3.0.1a (rcs-revision 1.2)
)))
(/nfs/guille/a2/rh80apps/tex_live/tex_live-2016/texmf-dist/tex/generic/pgf/fron
tendlayer/tikz/libraries/tikzlibraryshapes.code.tex
File: tikzlibraryshapes.code.tex 2008/01/09 v3.0.1a (rcs-revision 1.1)

(/nfs/guille/a2/rh80apps/tex_live/tex_live-2016/texmf-dist/tex/generic/pgf/fron
tendlayer/tikz/libraries/tikzlibraryshapes.geometric.code.tex
File: tikzlibraryshapes.geometric.code.tex 2008/01/09 v3.0.1a (rcs-revision 1.1
)

(/nfs/guille/a2/rh80apps/tex_live/tex_live-2016/texmf-dist/tex/generic/pgf/libr
aries/shapes/pgflibraryshapes.geometric.code.tex
File: pgflibraryshapes.geometric.code.tex 2008/06/26 v3.0.1a (rcs-revision 1.1)

))
(/nfs/guille/a2/rh80apps/tex_live/tex_live-2016/texmf-dist/tex/generic/pgf/fron
tendlayer/tikz/libraries/tikzlibraryshapes.misc.code.tex
File: tikzlibraryshapes.misc.code.tex 2008/01/09 v3.0.1a (rcs-revision 1.1)

(/nfs/guille/a2/rh80apps/tex_live/tex_live-2016/texmf-dist/tex/generic/pgf/libr
aries/shapes/pgflibraryshapes.misc.code.tex
File: pgflibraryshapes.misc.code.tex 2013/07/18 v3.0.1a (rcs-revision 1.5)
))
(/nfs/guille/a2/rh80apps/tex_live/tex_live-2016/texmf-dist/tex/generic/pgf/fron
tendlayer/tikz/libraries/tikzlibraryshapes.symbols.code.tex
File: tikzlibraryshapes.symbols.code.tex 2008/01/09 v3.0.1a (rcs-revision 1.1)

(/nfs/guille/a2/rh80apps/tex_live/tex_live-2016/texmf-dist/tex/generic/pgf/libr
aries/shapes/pgflibraryshapes.symbols.code.tex
File: pgflibraryshapes.symbols.code.tex 2013/09/11 v3.0.1a (rcs-revision 1.6)
))
(/nfs/guille/a2/rh80apps/tex_live/tex_live-2016/texmf-dist/tex/generic/pgf/fron
tendlayer/tikz/libraries/tikzlibraryshapes.arrows.code.tex
File: tikzlibraryshapes.arrows.code.tex 2008/01/09 v3.0.1a (rcs-revision 1.1)

(/nfs/guille/a2/rh80apps/tex_live/tex_live-2016/texmf-dist/tex/generic/pgf/libr
aries/shapes/pgflibraryshapes.arrows.code.tex
File: pgflibraryshapes.arrows.code.tex 2008/06/26 v3.0.1a (rcs-revision 1.1)
))
(/nfs/guille/a2/rh80apps/tex_live/tex_live-2016/texmf-dist/tex/generic/pgf/fron
tendlayer/tikz/libraries/tikzlibraryshapes.callouts.code.tex
(/nfs/guille/a2/rh80apps/tex_live/tex_live-2016/texmf-dist/tex/generic/pgf/libr
aries/shapes/pgflibraryshapes.callouts.code.tex))
(/nfs/guille/a2/rh80apps/tex_live/tex_live-2016/texmf-dist/tex/generic/pgf/fron
tendlayer/tikz/libraries/tikzlibraryshapes.multipart.code.tex
File: tikzlibraryshapes.multipart.code.tex 2008/01/09 v3.0.1a (rcs-revision 1.1
)

(/nfs/guille/a2/rh80apps/tex_live/tex_live-2016/texmf-dist/tex/generic/pgf/libr
aries/shapes/pgflibraryshapes.multipart.code.tex
File: pgflibraryshapes.multipart.code.tex 2010/01/07 v3.0.1a (rcs-revision 1.2)

\pgfnodepartlowerbox=\box45
\pgfnodeparttwobox=\box46
\pgfnodepartthreebox=\box47
\pgfnodepartfourbox=\box48
\pgfnodeparttwentybox=\box49
\pgfnodepartnineteenbox=\box50
\pgfnodeparteighteenbox=\box51
\pgfnodepartseventeenbox=\box52
\pgfnodepartsixteenbox=\box53
\pgfnodepartfifteenbox=\box54
\pgfnodepartfourteenbox=\box55
\pgfnodepartthirteenbox=\box56
\pgfnodeparttwelvebox=\box57
\pgfnodepartelevenbox=\box58
\pgfnodeparttenbox=\box59
\pgfnodepartninebox=\box60
\pgfnodeparteightbox=\box61
\pgfnodepartsevenbox=\box62
\pgfnodepartsixbox=\box63
\pgfnodepartfivebox=\box64
)))
(/nfs/guille/a2/rh80apps/tex_live/tex_live-2016/texmf-dist/tex/generic/pgf/fron
tendlayer/tikz/libraries/tikzlibrarypositioning.code.tex
File: tikzlibrarypositioning.code.tex 2008/10/06 v3.0.1a (rcs-revision 1.7)
)
(/nfs/guille/a2/rh80apps/tex_live/tex_live-2016/texmf-dist/tex/generic/pgf/fron
tendlayer/tikz/libraries/tikzlibrarycalc.code.tex
File: tikzlibrarycalc.code.tex 2013/07/15 v3.0.1a (rcs-revision 1.9)
)
(/nfs/guille/a2/rh80apps/tex_live/tex_live-2016/texmf-dist/tex/latex/caption/ca
ption.sty
Package: caption 2016/02/21 v3.3-144 Customizing captions (AR)

(/nfs/guille/a2/rh80apps/tex_live/tex_live-2016/texmf-dist/tex/latex/caption/ca
ption3.sty
Package: caption3 2016/05/22 v1.7-166 caption3 kernel (AR)
Package caption3 Info: TeX engine: e-TeX on input line 67.
\captionmargin=\dimen199
\captionmargin@=\dimen256
\captionwidth=\dimen257
\caption@tempdima=\dimen258
\caption@indent=\dimen259
\caption@parindent=\dimen260
\caption@hangindent=\dimen261
Package caption Info: Unknown document class (or package),
(caption)             standard defaults will be used.
)

Package caption Warning: Unsupported document class (or package) detected,
(caption)                usage of the caption package is not recommended.
See the caption package documentation for explanation.

Package caption Info: \@makecaption = \long macro:#1#2->\ifx \@captype \@IEEEta
blestring \footnotesize \bgroup \par \centering \@IEEEtabletopskipstrut {\norma
lfont \sffamily \footnotesize #1}\\{\normalfont \sffamily \footnotesize #2}\par
 \addvspace {0.5\baselineskip }\egroup \@IEEEtablecaptionsepspace \else \@IEEEf
igurecaptionsepspace \setbox \@tempboxa \hbox {\normalfont \sffamily \footnotes
ize {#1.}\nobreakspace #2}\ifdim \wd \@tempboxa >\hsize \setbox \@tempboxa \hbo
x {\normalfont \sffamily \footnotesize {#1.}\nobreakspace }\parbox [t]{\hsize }
{\normalfont \sffamily \footnotesize \noindent \unhbox \@tempboxa #2}\else \hbo
x to\hsize {\normalfont \sffamily \footnotesize \box \@tempboxa \hfil }\fi \fi 
.
\c@ContinuedFloat=\count146
Package caption Info: float package is loaded.
Package caption Info: hyperref package is loaded.
Package caption Info: subfigure package is loaded.
)
(/nfs/guille/a2/rh80apps/tex_live/tex_live-2016/texmf-dist/tex/latex/listings/l
istings.sty
\lst@mode=\count147
\lst@gtempboxa=\box65
\lst@token=\toks47
\lst@length=\count148
\lst@currlwidth=\dimen262
\lst@column=\count149
\lst@pos=\count150
\lst@lostspace=\dimen263
\lst@width=\dimen264
\lst@newlines=\count151
\lst@lineno=\count152
\lst@maxwidth=\dimen265

(/nfs/guille/a2/rh80apps/tex_live/tex_live-2016/texmf-dist/tex/latex/listings/l
stmisc.sty
File: lstmisc.sty 2015/06/04 1.6 (Carsten Heinz)
\c@lstnumber=\count153
\lst@skipnumbers=\count154
\lst@framebox=\box66
)
(/nfs/guille/a2/rh80apps/tex_live/tex_live-2016/texmf-dist/tex/latex/listings/l
istings.cfg
File: listings.cfg 2015/06/04 1.6 listings configuration
))
Package: listings 2015/06/04 1.6 (Carsten Heinz)


LaTeX Warning: Unused global option(s):
    [serif,titlepage].

(./design_doc.aux)
\openout1 = `design_doc.aux'.

LaTeX Font Info:    Checking defaults for OML/cmm/m/it on input line 37.
LaTeX Font Info:    ... okay on input line 37.
LaTeX Font Info:    Checking defaults for T1/cmr/m/n on input line 37.
LaTeX Font Info:    ... okay on input line 37.
LaTeX Font Info:    Checking defaults for OT1/cmr/m/n on input line 37.
LaTeX Font Info:    ... okay on input line 37.
LaTeX Font Info:    Checking defaults for OMS/cmsy/m/n on input line 37.
LaTeX Font Info:    ... okay on input line 37.
LaTeX Font Info:    Checking defaults for OMX/cmex/m/n on input line 37.
LaTeX Font Info:    ... okay on input line 37.
LaTeX Font Info:    Checking defaults for U/cmr/m/n on input line 37.
LaTeX Font Info:    ... okay on input line 37.
LaTeX Font Info:    Checking defaults for PD1/pdf/m/n on input line 37.
LaTeX Font Info:    ... okay on input line 37.

-- Lines per column: 39 (approximate, difference = 14.73578pt).
*geometry* driver: auto-detecting
*geometry* detected driver: dvips
*geometry* verbose mode - [ preamble ] result:
* driver: dvips
* paper: letterpaper
* layout: <same size as paper>
* layoutoffset:(h,v)=(0.0pt,0.0pt)
* modes: 
* h-part:(L,W,R)=(54.2025pt, 505.89pt, 54.2025pt)
* v-part:(T,H,B)=(54.2025pt, 686.56499pt, 54.2025pt)
* \paperwidth=614.295pt
* \paperheight=794.96999pt
* \textwidth=505.89pt
* \textheight=686.56499pt
* \oddsidemargin=-18.06749pt
* \evensidemargin=-18.06749pt
* \topmargin=-36.76537pt
* \headheight=12.0pt
* \headsep=6.69788pt
* \topskip=11.58327pt
* \footskip=19.1765pt
* \marginparwidth=20.0pt
* \marginparsep=10.0pt
* \columnsep=12.045pt
* \skip\footins=15.63728pt plus 6.94984pt minus 3.47491pt
* \hoffset=0.0pt
* \voffset=0.0pt
* \mag=1000
* \@twocolumnfalse
* \@twosidefalse
* \@mparswitchfalse
* \@reversemarginfalse
* (1in=72.27pt=25.4mm, 1cm=28.453pt)

\AtBeginShipoutBox=\box67
Package hyperref Info: Link coloring OFF on input line 37.

(/nfs/guille/a2/rh80apps/tex_live/tex_live-2016/texmf-dist/tex/latex/hyperref/n
ameref.sty
Package: nameref 2016/05/21 v2.44 Cross-referencing by name of section

(/nfs/guille/a2/rh80apps/tex_live/tex_live-2016/texmf-dist/tex/generic/oberdiek
/gettitlestring.sty
Package: gettitlestring 2016/05/16 v1.5 Cleanup title references (HO)
)
\c@section@level=\count155
)
LaTeX Info: Redefining \ref on input line 37.
LaTeX Info: Redefining \pageref on input line 37.
LaTeX Info: Redefining \nameref on input line 37.
 (./design_doc.out) (./design_doc.out)
\@outlinefile=\write4
\openout4 = `design_doc.out'.


ABD: EveryShipout initializing macros
Package caption Info: Begin \AtBeginDocument code.
Package caption Info: listings package is loaded.
Package caption Info: End \AtBeginDocument code.
\c@lstlisting=\count156
LaTeX Font Info:    Try loading font information for OT1+phv on input line 40.

(/nfs/guille/a2/rh80apps/tex_live/tex_live-2016/texmf-dist/tex/latex/psnfss/ot1
phv.fd
File: ot1phv.fd 2001/06/04 scalable font definitions for OT1/phv.
)
LaTeX Font Info:    Calculating math sizes for size <11.04124> on input line 40
.
LaTeX Font Info:    Try loading font information for U+msa on input line 40.

(/nfs/guille/a2/rh80apps/tex_live/tex_live-2016/texmf-dist/tex/latex/amsfonts/u
msa.fd
File: umsa.fd 2013/01/14 v3.01 AMS symbols A
)
LaTeX Font Info:    Try loading font information for U+msb on input line 40.

(/nfs/guille/a2/rh80apps/tex_live/tex_live-2016/texmf-dist/tex/latex/amsfonts/u
msb.fd
File: umsb.fd 2013/01/14 v3.01 AMS symbols B
)
LaTeX Font Info:    Try loading font information for U+pzd on input line 40.

(/nfs/guille/a2/rh80apps/tex_live/tex_live-2016/texmf-dist/tex/latex/psnfss/upz
d.fd
File: upzd.fd 2001/06/04 font definitions for U/pzd.
)
LaTeX Font Info:    Font shape `OT1/phv/bx/n' in size <8.03> not available
(Font)              Font shape `OT1/phv/b/n' tried instead on input line 40.
 [1]
LaTeX Font Info:    Font shape `OT1/phv/bx/n' in size <11.04124> not available
(Font)              Font shape `OT1/phv/b/n' tried instead on input line 47.
LaTeX Font Info:    Font shape `OT1/phv/bx/sc' in size <11.04124> not available

(Font)              Font shape `OT1/phv/b/sc' tried instead on input line 47.
LaTeX Font Info:    Font shape `OT1/phv/bx/n' in size <9.53561> not available
(Font)              Font shape `OT1/phv/b/n' tried instead on input line 48.
 [2]
LaTeX Font Info:    Font shape `OT1/phv/m/it' in size <9.53561> not available
(Font)              Font shape `OT1/phv/m/sl' tried instead on input line 92.

Underfull \hbox (badness 10000) in paragraph at lines 98--115

 []


Underfull \hbox (badness 10000) in paragraph at lines 98--115

 []


Underfull \hbox (badness 10000) in paragraph at lines 98--115

 []

[3]
LaTeX Font Info:    Try loading font information for OMS+ppl on input line 123.


(/nfs/guille/a2/rh80apps/tex_live/tex_live-2016/texmf-dist/tex/latex/psnfss/oms
ppl.fd
File: omsppl.fd 
)
LaTeX Font Info:    Font shape `OMS/ppl/m/n' in size <9.53561> not available
(Font)              Font shape `OMS/cmsy/m/n' tried instead on input line 123.
 [4] [5]
LaTeX Font Info:    Calculating math sizes for size <9.53561> on input line 202
.


Package caption Warning: \captionsetup{type*=...} or \captionof
(caption)                outside box or environment on input line 268.
See the caption package documentation for explanation.


Package caption Warning: The option `hypcap=true' will be ignored for this
(caption)                particular \caption on input line 268.
See the caption package documentation for explanation.


(/nfs/guille/a2/rh80apps/tex_live/tex_live-2016/texmf-dist/tex/latex/listings/l
stlang1.sty
File: lstlang1.sty 2015/06/04 1.6 listings language file
) [6] [7] [8]
LaTeX Font Info:    Try loading font information for OT1+pcr on input line 370.


(/nfs/guille/a2/rh80apps/tex_live/tex_live-2016/texmf-dist/tex/latex/psnfss/ot1
pcr.fd
File: ot1pcr.fd 2001/06/04 font definitions for OT1/pcr.
) [9]
Underfull \hbox (badness 10000) in paragraph at lines 434--437

 []

[10]
Underfull \hbox (badness 10000) in paragraph at lines 442--443

 []


Underfull \hbox (badness 10000) in paragraph at lines 444--445

 []

[11]
Underfull \hbox (badness 10000) in paragraph at lines 452--457

 []


Underfull \hbox (badness 10000) in paragraph at lines 458--465

 []

[12]
Underfull \hbox (badness 10000) in paragraph at lines 471--472

 []

[13]
Package atveryend Info: Empty hook `BeforeClearDocument' on input line 486.
Package atveryend Info: Empty hook `AfterLastShipout' on input line 486.
 (./design_doc.aux)
Package atveryend Info: Empty hook `AtVeryEndDocument' on input line 486.
Package atveryend Info: Executing hook `AtEndAfterFileList' on input line 486.
Package rerunfilecheck Info: File `design_doc.out' has not changed.
(rerunfilecheck)             Checksum: 0169E1023C55A3A379F508840F888692;2754.
Package atveryend Info: Empty hook `AtVeryVeryEnd' on input line 486.
 ) 
Here is how much of TeX's memory you used:
 22075 strings out of 493014
 435272 string characters out of 6122796
 588604 words of memory out of 5000000
 25252 multiletter control sequences out of 15000+600000
 34062 words of font info for 95 fonts, out of 8000000 for 9000
 1141 hyphenation exceptions out of 8191
 55i,7n,67p,1249b,1837s stack positions out of 5000i,500n,10000p,200000b,80000s

Output written on design_doc.dvi (13 pages, 98160 bytes).
