\BOOKMARK [1][-]{section.1}{Frontspiece}{}% 1
\BOOKMARK [2][-]{subsection.1.1}{Date of issue and status}{section.1}% 2
\BOOKMARK [2][-]{subsection.1.2}{Issuing organization}{section.1}% 3
\BOOKMARK [2][-]{subsection.1.3}{Authorship}{section.1}% 4
\BOOKMARK [1][-]{section.2}{Introduction}{}% 5
\BOOKMARK [2][-]{subsection.2.1}{Purpose}{section.2}% 6
\BOOKMARK [2][-]{subsection.2.2}{Scope}{section.2}% 7
\BOOKMARK [2][-]{subsection.2.3}{Summary}{section.2}% 8
\BOOKMARK [1][-]{section.3}{References}{}% 9
\BOOKMARK [1][-]{section*.1}{References}{}% 10
\BOOKMARK [1][-]{section.4}{Body}{}% 11
\BOOKMARK [2][-]{subsection.4.1}{Identified stakeholders and design concerns}{section.4}% 12
\BOOKMARK [2][-]{subsection.4.2}{Question Generation}{section.4}% 13
\BOOKMARK [3][-]{subsubsection.4.2.1}{Question Generation Interface Viewpoint}{subsection.4.2}% 14
\BOOKMARK [3][-]{subsubsection.4.2.2}{Question Generation Interface View}{subsection.4.2}% 15
\BOOKMARK [3][-]{subsubsection.4.2.3}{Question Generation Logic Viewpoint}{subsection.4.2}% 16
\BOOKMARK [3][-]{subsubsection.4.2.4}{Question Generation Logic View}{subsection.4.2}% 17
\BOOKMARK [2][-]{subsection.4.3}{Survey Generation}{section.4}% 18
\BOOKMARK [3][-]{subsubsection.4.3.1}{Survey Generation Interface Viewpoint}{subsection.4.3}% 19
\BOOKMARK [3][-]{subsubsection.4.3.2}{Survey Generation Interface View}{subsection.4.3}% 20
\BOOKMARK [3][-]{subsubsection.4.3.3}{Survey Generation Logic Viewpoint}{subsection.4.3}% 21
\BOOKMARK [3][-]{subsubsection.4.3.4}{Survey Generation Logic View}{subsection.4.3}% 22
\BOOKMARK [2][-]{subsection.4.4}{Database Management}{section.4}% 23
\BOOKMARK [3][-]{subsubsection.4.4.1}{Database organization Structure Viewpoint}{subsection.4.4}% 24
\BOOKMARK [3][-]{subsubsection.4.4.2}{Database Creation Logical Viewpoint}{subsection.4.4}% 25
\BOOKMARK [3][-]{subsubsection.4.4.3}{Database Interaction Algorithm Viewpoint}{subsection.4.4}% 26
\BOOKMARK [3][-]{subsubsection.4.4.4}{Interacting with the survey generation}{subsection.4.4}% 27
\BOOKMARK [3][-]{subsubsection.4.4.5}{Interacting with report generation}{subsection.4.4}% 28
\BOOKMARK [2][-]{subsection.4.5}{Report Generation}{section.4}% 29
\BOOKMARK [3][-]{subsubsection.4.5.1}{Search Form Interface Viewpoint}{subsection.4.5}% 30
\BOOKMARK [3][-]{subsubsection.4.5.2}{Search Form Interface View}{subsection.4.5}% 31
\BOOKMARK [3][-]{subsubsection.4.5.3}{Search Form Logic Viewpoint}{subsection.4.5}% 32
\BOOKMARK [3][-]{subsubsection.4.5.4}{Search Form Logic View}{subsection.4.5}% 33
\BOOKMARK [3][-]{subsubsection.4.5.5}{Report Form Logic Viewpoint}{subsection.4.5}% 34
\BOOKMARK [3][-]{subsubsection.4.5.6}{Report Form Logic View}{subsection.4.5}% 35
\BOOKMARK [1][-]{section.5}{Signatures}{}% 36
